<?xml version="1.0" encoding="UTF-8" ?>
<testsuite tests="6" failures="0" name="sorting.test.StudentSortingTest" time="0.003" errors="0" skipped="0">
  <properties>
[...]
</properties>
  <testcase classname="sorting.test.StudentSortingTest" name="testSort01" time="0.003"/>
  <testcase classname="sorting.test.StudentSortingTest" name="testSort02" time="0"/>
  <testcase classname="sorting.test.StudentSortingTest" name="testSort03" time="0"/>
  <testcase classname="sorting.test.StudentSortingTest" name="testSort04" time="0"/>
  <testcase classname="sorting.test.StudentSortingTest" name="testSort05" time="0"/>
  <testcase classname="sorting.test.StudentSortingTest" name="testSort06" time="0"/>
</testsuite>